2025-05-19 13:43:38,795 - server.python.nlp_engine - INFO - 成功加载BERT分词器
2025-05-19 13:43:38,795 - server.python.nlp_engine - WARNING - 未找到spam模型，使用基础BERT模型替代
Some weights of BertForSequenceClassification were not initialized from the model checkpoint at bert-base-chinese and are newly initialized: ['classifier.bias', 'classifier.weight']
You should probably TRAIN this model on a down-stream task to be able to use it for predictions and inference.
2025-05-19 13:43:39,921 - server.python.nlp_engine - WARNING - 未找到porn模型，使用基础BERT模型替代
Some weights of BertForSequenceClassification were not initialized from the model checkpoint at bert-base-chinese and are newly initialized: ['classifier.bias', 'classifier.weight']
You should probably TRAIN this model on a down-stream task to be able to use it for predictions and inference.
2025-05-19 13:43:40,325 - server.python.nlp_engine - WARNING - 未找到violence模型，使用基础BERT模型替代
Some weights of BertForSequenceClassification were not initialized from the model checkpoint at bert-base-chinese and are newly initialized: ['classifier.bias', 'classifier.weight']
You should probably TRAIN this model on a down-stream task to be able to use it for predictions and inference.
2025-05-19 13:43:40,733 - server.python.nlp_engine - WARNING - 未找到political模型，使用基础BERT模型替代
Some weights of BertForSequenceClassification were not initialized from the model checkpoint at bert-base-chinese and are newly initialized: ['classifier.bias', 'classifier.weight']
You should probably TRAIN this model on a down-stream task to be able to use it for predictions and inference.
2025-05-19 13:43:41,096 - server.python.nlp_engine - WARNING - 未找到insult模型，使用基础BERT模型替代
Some weights of BertForSequenceClassification were not initialized from the model checkpoint at bert-base-chinese and are newly initialized: ['classifier.bias', 'classifier.weight']
You should probably TRAIN this model on a down-stream task to be able to use it for predictions and inference.
2025-05-19 13:43:41,650 - server.python.nlp_engine - INFO - 成功加载规则文件: /Users/aa12/rcs/content_moderation/rules/rules.json
2025-05-19 13:43:41,650 - __main__ - INFO - 内容审核服务初始化完成
2025-05-19 13:43:41,652 - __main__ - INFO - NLP审核服务已启动，监听端口: 50052
2025-05-19 13:43:52,212 - __main__ - INFO - 收到同步审核请求: content_id=test_1
2025-05-19 13:43:53,173 - __main__ - INFO - 同步审核完成: content_id=test_1, is_approved=True
2025-05-19 13:43:53,174 - __main__ - INFO - 收到同步审核请求: content_id=test_2
2025-05-19 13:43:53,407 - __main__ - INFO - 同步审核完成: content_id=test_2, is_approved=True
2025-05-19 13:43:53,409 - __main__ - INFO - 收到异步审核请求: request_id=766b3462-ea39-488b-806d-15e84d508a91, content_id=test_3
2025-05-19 13:43:53,624 - __main__ - INFO - 异步审核完成: request_id=766b3462-ea39-488b-806d-15e84d508a91, is_approved=True
2025-05-19 13:43:55,416 - __main__ - INFO - 获取异步审核结果: request_id=766b3462-ea39-488b-806d-15e84d508a91
2025-05-19 13:45:46,894 - __main__ - INFO - 收到同步审核请求: content_id=test_1
2025-05-19 13:45:47,143 - __main__ - INFO - 同步审核完成: content_id=test_1, is_approved=True
2025-05-19 13:45:47,144 - __main__ - INFO - 收到同步审核请求: content_id=test_2
2025-05-19 13:45:47,355 - __main__ - INFO - 同步审核完成: content_id=test_2, is_approved=True
2025-05-19 13:45:47,356 - __main__ - INFO - 收到同步审核请求: content_id=test_3
2025-05-19 13:45:47,609 - __main__ - INFO - 同步审核完成: content_id=test_3, is_approved=True
2025-05-19 13:45:47,610 - __main__ - INFO - 收到异步审核请求: request_id=83af792e-e331-4e23-885d-e5dca31fb263, content_id=test_4
2025-05-19 13:45:47,846 - __main__ - INFO - 异步审核完成: request_id=83af792e-e331-4e23-885d-e5dca31fb263, is_approved=True
2025-05-19 13:45:49,617 - __main__ - INFO - 获取异步审核结果: request_id=83af792e-e331-4e23-885d-e5dca31fb263
2025-05-19 13:46:05,319 - __main__ - INFO - 收到同步审核请求: content_id=test_1
2025-05-19 13:46:05,549 - __main__ - INFO - 同步审核完成: content_id=test_1, is_approved=True
2025-05-19 13:46:05,554 - __main__ - INFO - 收到同步审核请求: content_id=test_2
2025-05-19 13:46:05,771 - __main__ - INFO - 同步审核完成: content_id=test_2, is_approved=True
2025-05-19 13:46:05,772 - __main__ - INFO - 收到同步审核请求: content_id=test_3
2025-05-19 13:46:06,017 - __main__ - INFO - 同步审核完成: content_id=test_3, is_approved=True
2025-05-19 13:46:06,019 - __main__ - INFO - 收到异步审核请求: request_id=161ca1dc-fc9e-4632-8dd1-4b4acb07008e, content_id=test_4
2025-05-19 13:46:06,253 - __main__ - INFO - 异步审核完成: request_id=161ca1dc-fc9e-4632-8dd1-4b4acb07008e, is_approved=True
2025-05-19 13:46:08,023 - __main__ - INFO - 获取异步审核结果: request_id=161ca1dc-fc9e-4632-8dd1-4b4acb07008e
2025-05-19 13:46:20,528 - __main__ - INFO - 收到同步审核请求: content_id=test_1
2025-05-19 13:46:20,754 - __main__ - INFO - 同步审核完成: content_id=test_1, is_approved=True
2025-05-19 13:46:20,755 - __main__ - INFO - 收到同步审核请求: content_id=test_2
2025-05-19 13:46:20,980 - __main__ - INFO - 同步审核完成: content_id=test_2, is_approved=True
2025-05-19 13:46:20,981 - __main__ - INFO - 收到同步审核请求: content_id=test_3
2025-05-19 13:46:21,217 - __main__ - INFO - 同步审核完成: content_id=test_3, is_approved=True
2025-05-19 13:46:21,218 - __main__ - INFO - 收到异步审核请求: request_id=90bcb70d-a905-43cd-b6c9-7a0422f9fc15, content_id=test_4
2025-05-19 13:46:21,450 - __main__ - INFO - 异步审核完成: request_id=90bcb70d-a905-43cd-b6c9-7a0422f9fc15, is_approved=True
2025-05-19 13:46:23,226 - __main__ - INFO - 获取异步审核结果: request_id=90bcb70d-a905-43cd-b6c9-7a0422f9fc15
