2025/05/19 13:43:44 启动RPC服务器，端口: 50051, NLP服务地址: localhost:50052
2025/05/19 13:43:44 RPC服务器准备就绪，监听端口: 50051
2025/05/19 13:43:52 收到同步内容审核请求: test_1
2025/05/19 13:43:53 内容 test_1 审核结果: true
2025/05/19 13:43:53 收到同步内容审核请求: test_2
2025/05/19 13:43:53 内容 test_2 审核结果: true
2025/05/19 13:43:53 收到异步内容审核请求: test_3
2025/05/19 13:43:53 异步请求已提交: 766b3462-ea39-488b-806d-15e84d508a91
2025/05/19 13:43:55 获取异步审核结果: 766b3462-ea39-488b-806d-15e84d508a91
2025/05/19 13:43:55 成功获取异步结果: 766b3462-ea39-488b-806d-15e84d508a91
2025/05/19 13:45:46 收到同步内容审核请求: test_1
2025/05/19 13:45:47 内容 test_1 审核结果: true
2025/05/19 13:45:47 收到同步内容审核请求: test_2
2025/05/19 13:45:47 内容 test_2 审核结果: true
2025/05/19 13:45:47 收到同步内容审核请求: test_3
2025/05/19 13:45:47 内容 test_3 审核结果: true
2025/05/19 13:45:47 收到异步内容审核请求: test_4
2025/05/19 13:45:47 异步请求已提交: 83af792e-e331-4e23-885d-e5dca31fb263
2025/05/19 13:45:49 获取异步审核结果: 83af792e-e331-4e23-885d-e5dca31fb263
2025/05/19 13:45:49 成功获取异步结果: 83af792e-e331-4e23-885d-e5dca31fb263
2025/05/19 13:46:05 收到同步内容审核请求: test_1
2025/05/19 13:46:05 内容 test_1 审核结果: true
2025/05/19 13:46:05 收到同步内容审核请求: test_2
2025/05/19 13:46:05 内容 test_2 审核结果: true
2025/05/19 13:46:05 收到同步内容审核请求: test_3
2025/05/19 13:46:06 内容 test_3 审核结果: true
2025/05/19 13:46:06 收到异步内容审核请求: test_4
2025/05/19 13:46:06 异步请求已提交: 161ca1dc-fc9e-4632-8dd1-4b4acb07008e
2025/05/19 13:46:08 获取异步审核结果: 161ca1dc-fc9e-4632-8dd1-4b4acb07008e
2025/05/19 13:46:08 成功获取异步结果: 161ca1dc-fc9e-4632-8dd1-4b4acb07008e
2025/05/19 13:46:20 收到同步内容审核请求: test_1
2025/05/19 13:46:20 内容 test_1 审核结果: true
2025/05/19 13:46:20 收到同步内容审核请求: test_2
2025/05/19 13:46:20 内容 test_2 审核结果: true
2025/05/19 13:46:20 收到同步内容审核请求: test_3
2025/05/19 13:46:21 内容 test_3 审核结果: true
2025/05/19 13:46:21 收到异步内容审核请求: test_4
2025/05/19 13:46:21 异步请求已提交: 90bcb70d-a905-43cd-b6c9-7a0422f9fc15
2025/05/19 13:46:23 获取异步审核结果: 90bcb70d-a905-43cd-b6c9-7a0422f9fc15
2025/05/19 13:46:23 成功获取异步结果: 90bcb70d-a905-43cd-b6c9-7a0422f9fc15
